/*C1*/SET SCHEMA SYSTEM_LOBS
INSERT INTO BLOCKS VALUES(0,2147483647,0)
COMMIT
/*C2*/SET SCHEMA PUBLIC
create table user(\u000a    seq integer identity primary key,\u000a    id varchar (255),\u000a    password varchar(50),\u000a    regDate datetime default sysdate,\u000a    modDate timestamp default sysdate\u000a)
/*C3*/SET SCHEMA PUBLIC
DISCONNECT
/*C4*/SET SCHEMA PUBLIC
DISCONNECT
/*C5*/SET SCHEMA PUBLIC
DISCONNECT
/*C6*/SET SCHEMA PUBLIC
DISCONNECT
/*C7*/SET SCHEMA PUBLIC
DISCONNECT
/*C8*/SET SCHEMA PUBLIC
INSERT INTO USER VALUES(0,'test1','1234','2014-08-09 17:04:13.000000','2014-08-09 17:04:13.000000')
COMMIT
DISCONNECT
/*C10*/SET SCHEMA PUBLIC
DISCONNECT
/*C9*/SET SCHEMA PUBLIC
DISCONNECT
/*C11*/SET SCHEMA PUBLIC
DISCONNECT
/*C12*/SET SCHEMA PUBLIC
DELETE FROM USER WHERE SEQ=0
COMMIT
DISCONNECT
/*C13*/SET SCHEMA PUBLIC
INSERT INTO USER VALUES(1,'test1','1234','2014-08-09 17:05:41.000000','2014-08-09 17:05:41.000000')
COMMIT
DISCONNECT
/*C14*/SET SCHEMA PUBLIC
DISCONNECT
/*C15*/SET SCHEMA PUBLIC
INSERT INTO USER VALUES(2,'test2','5678','2014-08-09 17:05:41.000000','2014-08-09 17:05:41.000000')
COMMIT
DISCONNECT
/*C16*/SET SCHEMA PUBLIC
DISCONNECT
/*C17*/SET SCHEMA PUBLIC
INSERT INTO USER VALUES(3,'test3','9012','2014-08-09 17:05:42.000000','2014-08-09 17:05:42.000000')
COMMIT
DISCONNECT
/*C18*/SET SCHEMA PUBLIC
DISCONNECT
/*C19*/SET SCHEMA PUBLIC
INSERT INTO USER VALUES(4,'test4','test','2014-08-09 17:05:42.000000','2014-08-09 17:05:42.000000')
COMMIT
DISCONNECT
/*C20*/SET SCHEMA PUBLIC
DISCONNECT
/*C21*/SET SCHEMA PUBLIC
INSERT INTO USER VALUES(5,'test5','samp','2014-08-09 17:05:42.000000','2014-08-09 17:05:42.000000')
COMMIT
DISCONNECT
/*C22*/SET SCHEMA PUBLIC
DISCONNECT
/*C23*/SET SCHEMA PUBLIC
DISCONNECT
/*C24*/SET SCHEMA PUBLIC
DELETE FROM USER WHERE SEQ=1
DELETE FROM USER WHERE SEQ=2
DELETE FROM USER WHERE SEQ=3
DELETE FROM USER WHERE SEQ=4
DELETE FROM USER WHERE SEQ=5
COMMIT
DISCONNECT
/*C25*/SET SCHEMA PUBLIC
INSERT INTO USER VALUES(6,'test1','1234','2014-08-09 17:05:43.000000','2014-08-09 17:05:43.000000')
COMMIT
DISCONNECT
/*C26*/SET SCHEMA PUBLIC
DISCONNECT
/*C27*/SET SCHEMA PUBLIC
INSERT INTO USER VALUES(7,'test2','5678','2014-08-09 17:05:43.000000','2014-08-09 17:05:43.000000')
COMMIT
DISCONNECT
/*C28*/SET SCHEMA PUBLIC
DISCONNECT
/*C29*/SET SCHEMA PUBLIC
INSERT INTO USER VALUES(8,'test3','9012','2014-08-09 17:05:43.000000','2014-08-09 17:05:43.000000')
COMMIT
DISCONNECT
/*C30*/SET SCHEMA PUBLIC
DISCONNECT
/*C31*/SET SCHEMA PUBLIC
INSERT INTO USER VALUES(9,'test4','test','2014-08-09 17:05:43.000000','2014-08-09 17:05:43.000000')
COMMIT
DISCONNECT
/*C32*/SET SCHEMA PUBLIC
DISCONNECT
/*C33*/SET SCHEMA PUBLIC
INSERT INTO USER VALUES(10,'test5','samp','2014-08-09 17:05:44.000000','2014-08-09 17:05:44.000000')
COMMIT
DISCONNECT
/*C34*/SET SCHEMA PUBLIC
DISCONNECT
/*C35*/SET SCHEMA PUBLIC
DISCONNECT
/*C36*/SET SCHEMA PUBLIC
DELETE FROM USER WHERE SEQ=6
DELETE FROM USER WHERE SEQ=7
DELETE FROM USER WHERE SEQ=8
DELETE FROM USER WHERE SEQ=9
DELETE FROM USER WHERE SEQ=10
COMMIT
DISCONNECT
/*C37*/SET SCHEMA PUBLIC
INSERT INTO USER VALUES(11,'test1','1234','2014-08-09 17:06:06.000000','2014-08-09 17:06:06.000000')
COMMIT
DISCONNECT
/*C38*/SET SCHEMA PUBLIC
DISCONNECT
/*C39*/SET SCHEMA PUBLIC
INSERT INTO USER VALUES(12,'test2','5678','2014-08-09 17:06:07.000000','2014-08-09 17:06:07.000000')
COMMIT
DISCONNECT
/*C40*/SET SCHEMA PUBLIC
DISCONNECT
/*C41*/SET SCHEMA PUBLIC
INSERT INTO USER VALUES(13,'test3','9012','2014-08-09 17:06:07.000000','2014-08-09 17:06:07.000000')
COMMIT
DISCONNECT
/*C42*/SET SCHEMA PUBLIC
DISCONNECT
/*C43*/SET SCHEMA PUBLIC
INSERT INTO USER VALUES(14,'test4','test','2014-08-09 17:06:07.000000','2014-08-09 17:06:07.000000')
COMMIT
DISCONNECT
/*C44*/SET SCHEMA PUBLIC
DISCONNECT
/*C45*/SET SCHEMA PUBLIC
INSERT INTO USER VALUES(15,'test5','samp','2014-08-09 17:06:07.000000','2014-08-09 17:06:07.000000')
COMMIT
DISCONNECT
/*C46*/SET SCHEMA PUBLIC
DISCONNECT
/*C47*/SET SCHEMA PUBLIC
DISCONNECT
/*C48*/SET SCHEMA PUBLIC
DELETE FROM USER WHERE SEQ=11
DELETE FROM USER WHERE SEQ=12
DELETE FROM USER WHERE SEQ=13
DELETE FROM USER WHERE SEQ=14
DELETE FROM USER WHERE SEQ=15
COMMIT
DISCONNECT
/*C49*/SET SCHEMA PUBLIC
INSERT INTO USER VALUES(16,'test1','1234','2014-08-09 17:06:08.000000','2014-08-09 17:06:08.000000')
COMMIT
DISCONNECT
/*C50*/SET SCHEMA PUBLIC
DISCONNECT
/*C51*/SET SCHEMA PUBLIC
INSERT INTO USER VALUES(17,'test2','5678','2014-08-09 17:06:08.000000','2014-08-09 17:06:08.000000')
COMMIT
DISCONNECT
/*C52*/SET SCHEMA PUBLIC
DISCONNECT
/*C53*/SET SCHEMA PUBLIC
INSERT INTO USER VALUES(18,'test3','9012','2014-08-09 17:06:08.000000','2014-08-09 17:06:08.000000')
COMMIT
DISCONNECT
/*C54*/SET SCHEMA PUBLIC
DISCONNECT
/*C55*/SET SCHEMA PUBLIC
INSERT INTO USER VALUES(19,'test4','test','2014-08-09 17:06:09.000000','2014-08-09 17:06:09.000000')
COMMIT
DISCONNECT
/*C56*/SET SCHEMA PUBLIC
DISCONNECT
/*C57*/SET SCHEMA PUBLIC
INSERT INTO USER VALUES(20,'test5','samp','2014-08-09 17:06:09.000000','2014-08-09 17:06:09.000000')
COMMIT
DISCONNECT
/*C58*/SET SCHEMA PUBLIC
DISCONNECT
/*C59*/SET SCHEMA PUBLIC
DISCONNECT
/*C60*/SET SCHEMA PUBLIC
DELETE FROM USER WHERE SEQ=16
DELETE FROM USER WHERE SEQ=17
DELETE FROM USER WHERE SEQ=18
DELETE FROM USER WHERE SEQ=19
DELETE FROM USER WHERE SEQ=20
COMMIT
DISCONNECT
/*C61*/SET SCHEMA PUBLIC
INSERT INTO USER VALUES(21,'test1','1234','2014-08-09 17:06:22.000000','2014-08-09 17:06:22.000000')
COMMIT
DISCONNECT
/*C62*/SET SCHEMA PUBLIC
DISCONNECT
/*C63*/SET SCHEMA PUBLIC
INSERT INTO USER VALUES(22,'test2','5678','2014-08-09 17:06:23.000000','2014-08-09 17:06:23.000000')
COMMIT
DISCONNECT
/*C64*/SET SCHEMA PUBLIC
DISCONNECT
/*C65*/SET SCHEMA PUBLIC
INSERT INTO USER VALUES(23,'test3','9012','2014-08-09 17:06:23.000000','2014-08-09 17:06:23.000000')
COMMIT
DISCONNECT
/*C66*/SET SCHEMA PUBLIC
DISCONNECT
/*C67*/SET SCHEMA PUBLIC
INSERT INTO USER VALUES(24,'test4','test','2014-08-09 17:06:23.000000','2014-08-09 17:06:23.000000')
COMMIT
DISCONNECT
/*C68*/SET SCHEMA PUBLIC
DISCONNECT
/*C69*/SET SCHEMA PUBLIC
INSERT INTO USER VALUES(25,'test5','samp','2014-08-09 17:06:23.000000','2014-08-09 17:06:23.000000')
COMMIT
DISCONNECT
/*C70*/SET SCHEMA PUBLIC
DISCONNECT
/*C71*/SET SCHEMA PUBLIC
DISCONNECT
/*C72*/SET SCHEMA PUBLIC
DELETE FROM USER WHERE SEQ=21
DELETE FROM USER WHERE SEQ=22
DELETE FROM USER WHERE SEQ=23
DELETE FROM USER WHERE SEQ=24
DELETE FROM USER WHERE SEQ=25
COMMIT
DISCONNECT
/*C73*/SET SCHEMA PUBLIC
INSERT INTO USER VALUES(26,'test1','1234','2014-08-09 17:06:24.000000','2014-08-09 17:06:24.000000')
COMMIT
DISCONNECT
/*C74*/SET SCHEMA PUBLIC
DISCONNECT
/*C75*/SET SCHEMA PUBLIC
INSERT INTO USER VALUES(27,'test2','5678','2014-08-09 17:06:24.000000','2014-08-09 17:06:24.000000')
COMMIT
DISCONNECT
/*C76*/SET SCHEMA PUBLIC
DISCONNECT
/*C77*/SET SCHEMA PUBLIC
INSERT INTO USER VALUES(28,'test3','9012','2014-08-09 17:06:24.000000','2014-08-09 17:06:24.000000')
COMMIT
DISCONNECT
/*C78*/SET SCHEMA PUBLIC
DISCONNECT
/*C79*/SET SCHEMA PUBLIC
INSERT INTO USER VALUES(29,'test4','test','2014-08-09 17:06:24.000000','2014-08-09 17:06:24.000000')
COMMIT
DISCONNECT
/*C80*/SET SCHEMA PUBLIC
DISCONNECT
/*C81*/SET SCHEMA PUBLIC
INSERT INTO USER VALUES(30,'test5','samp','2014-08-09 17:06:25.000000','2014-08-09 17:06:25.000000')
COMMIT
DISCONNECT
/*C82*/SET SCHEMA PUBLIC
DISCONNECT
/*C83*/SET SCHEMA PUBLIC
DISCONNECT
/*C84*/SET SCHEMA PUBLIC
DELETE FROM USER WHERE SEQ=26
DELETE FROM USER WHERE SEQ=27
DELETE FROM USER WHERE SEQ=28
DELETE FROM USER WHERE SEQ=29
DELETE FROM USER WHERE SEQ=30
COMMIT
DISCONNECT
/*C85*/SET SCHEMA PUBLIC
INSERT INTO USER VALUES(31,'test1','1234','2014-08-09 17:07:21.000000','2014-08-09 17:07:21.000000')
COMMIT
DISCONNECT
/*C86*/SET SCHEMA PUBLIC
DISCONNECT
/*C87*/SET SCHEMA PUBLIC
INSERT INTO USER VALUES(32,'test2','5678','2014-08-09 17:07:21.000000','2014-08-09 17:07:21.000000')
COMMIT
DISCONNECT
/*C88*/SET SCHEMA PUBLIC
DISCONNECT
/*C89*/SET SCHEMA PUBLIC
INSERT INTO USER VALUES(33,'test3','9012','2014-08-09 17:07:21.000000','2014-08-09 17:07:21.000000')
COMMIT
DISCONNECT
/*C90*/SET SCHEMA PUBLIC
DISCONNECT
/*C91*/SET SCHEMA PUBLIC
INSERT INTO USER VALUES(34,'test4','test','2014-08-09 17:07:21.000000','2014-08-09 17:07:21.000000')
COMMIT
DISCONNECT
/*C92*/SET SCHEMA PUBLIC
DISCONNECT
/*C93*/SET SCHEMA PUBLIC
INSERT INTO USER VALUES(35,'test5','samp','2014-08-09 17:07:22.000000','2014-08-09 17:07:22.000000')
COMMIT
DISCONNECT
/*C94*/SET SCHEMA PUBLIC
DISCONNECT
/*C95*/SET SCHEMA PUBLIC
DISCONNECT
/*C96*/SET SCHEMA PUBLIC
DELETE FROM USER WHERE SEQ=31
DELETE FROM USER WHERE SEQ=32
DELETE FROM USER WHERE SEQ=33
DELETE FROM USER WHERE SEQ=34
DELETE FROM USER WHERE SEQ=35
COMMIT
DISCONNECT
/*C97*/SET SCHEMA PUBLIC
INSERT INTO USER VALUES(36,'test1','1234','2014-08-09 17:07:22.000000','2014-08-09 17:07:22.000000')
COMMIT
DISCONNECT
/*C98*/SET SCHEMA PUBLIC
DISCONNECT
/*C99*/SET SCHEMA PUBLIC
INSERT INTO USER VALUES(37,'test2','5678','2014-08-09 17:07:22.000000','2014-08-09 17:07:22.000000')
COMMIT
DISCONNECT
/*C100*/SET SCHEMA PUBLIC
DISCONNECT
/*C101*/SET SCHEMA PUBLIC
INSERT INTO USER VALUES(38,'test3','9012','2014-08-09 17:07:22.000000','2014-08-09 17:07:22.000000')
COMMIT
DISCONNECT
/*C102*/SET SCHEMA PUBLIC
DISCONNECT
/*C103*/SET SCHEMA PUBLIC
INSERT INTO USER VALUES(39,'test4','test','2014-08-09 17:07:23.000000','2014-08-09 17:07:23.000000')
COMMIT
DISCONNECT
/*C104*/SET SCHEMA PUBLIC
DISCONNECT
/*C105*/SET SCHEMA PUBLIC
INSERT INTO USER VALUES(40,'test5','samp','2014-08-09 17:07:23.000000','2014-08-09 17:07:23.000000')
COMMIT
DISCONNECT
/*C106*/SET SCHEMA PUBLIC
DISCONNECT
/*C107*/SET SCHEMA PUBLIC
DISCONNECT
/*C108*/SET SCHEMA PUBLIC
DELETE FROM USER WHERE SEQ=36
DELETE FROM USER WHERE SEQ=37
DELETE FROM USER WHERE SEQ=38
DELETE FROM USER WHERE SEQ=39
DELETE FROM USER WHERE SEQ=40
COMMIT
DISCONNECT
/*C109*/SET SCHEMA PUBLIC
INSERT INTO USER VALUES(41,'test1','1234','2014-08-09 17:28:29.000000','2014-08-09 17:28:29.000000')
COMMIT
DISCONNECT
/*C110*/SET SCHEMA PUBLIC
DISCONNECT
/*C111*/SET SCHEMA PUBLIC
INSERT INTO USER VALUES(42,'test2','5678','2014-08-09 17:28:29.000000','2014-08-09 17:28:29.000000')
COMMIT
DISCONNECT
/*C112*/SET SCHEMA PUBLIC
DISCONNECT
/*C113*/SET SCHEMA PUBLIC
INSERT INTO USER VALUES(43,'test3','9012','2014-08-09 17:28:29.000000','2014-08-09 17:28:29.000000')
COMMIT
DISCONNECT
/*C114*/SET SCHEMA PUBLIC
DISCONNECT
/*C115*/SET SCHEMA PUBLIC
INSERT INTO USER VALUES(44,'test4','test','2014-08-09 17:28:29.000000','2014-08-09 17:28:29.000000')
COMMIT
DISCONNECT
/*C116*/SET SCHEMA PUBLIC
DISCONNECT
/*C117*/SET SCHEMA PUBLIC
INSERT INTO USER VALUES(45,'test5','samp','2014-08-09 17:28:30.000000','2014-08-09 17:28:30.000000')
COMMIT
DISCONNECT
/*C118*/SET SCHEMA PUBLIC
DISCONNECT
/*C119*/SET SCHEMA PUBLIC
DISCONNECT
/*C120*/SET SCHEMA PUBLIC
DELETE FROM USER WHERE SEQ=41
DELETE FROM USER WHERE SEQ=42
DELETE FROM USER WHERE SEQ=43
DELETE FROM USER WHERE SEQ=44
DELETE FROM USER WHERE SEQ=45
COMMIT
DISCONNECT
/*C121*/SET SCHEMA PUBLIC
INSERT INTO USER VALUES(46,'test1','1234','2014-08-09 17:28:30.000000','2014-08-09 17:28:30.000000')
COMMIT
DISCONNECT
/*C122*/SET SCHEMA PUBLIC
DISCONNECT
/*C123*/SET SCHEMA PUBLIC
INSERT INTO USER VALUES(47,'test2','5678','2014-08-09 17:28:30.000000','2014-08-09 17:28:30.000000')
COMMIT
DISCONNECT
/*C124*/SET SCHEMA PUBLIC
DISCONNECT
/*C125*/SET SCHEMA PUBLIC
INSERT INTO USER VALUES(48,'test3','9012','2014-08-09 17:28:30.000000','2014-08-09 17:28:30.000000')
COMMIT
DISCONNECT
/*C126*/SET SCHEMA PUBLIC
DISCONNECT
/*C127*/SET SCHEMA PUBLIC
INSERT INTO USER VALUES(49,'test4','test','2014-08-09 17:28:31.000000','2014-08-09 17:28:31.000000')
COMMIT
DISCONNECT
/*C128*/SET SCHEMA PUBLIC
DISCONNECT
/*C129*/SET SCHEMA PUBLIC
INSERT INTO USER VALUES(50,'test5','samp','2014-08-09 17:28:31.000000','2014-08-09 17:28:31.000000')
COMMIT
DISCONNECT
/*C130*/SET SCHEMA PUBLIC
DISCONNECT
/*C131*/SET SCHEMA PUBLIC
DISCONNECT
/*C132*/SET SCHEMA PUBLIC
DISCONNECT
/*C133*/SET SCHEMA PUBLIC
DISCONNECT
/*C134*/SET SCHEMA PUBLIC
DISCONNECT
/*C135*/SET SCHEMA PUBLIC
DISCONNECT
/*C136*/SET SCHEMA PUBLIC
DISCONNECT
/*C2*/DISCONNECT
